[    0.000000] Initializing cgroup subsys cpuset
[    0.000000] Initializing cgroup subsys cpu
[    0.000000] Initializing cgroup subsys cpuacct
[    0.000000] Linux version 4.4.0-96-generic (buildd@lgw01-10) (gcc version 5.4.0 20160609 (Ubuntu 5.4.0-6ubuntu1~16.04.4) ) #119-Ubuntu SMP Tue Sep 12 14:59:54 UTC 2017 (Ubuntu 4.4.0-96.119-generic 4.4.83)
[    0.000000] Command line: BOOT_IMAGE=/boot/vmlinuz-4.4.0-96-generic root=LABEL=cloudimg-rootfs ro console=tty1 console=ttyS0
[    0.000000] KERNEL supported cpus:
[    0.000000]   Intel GenuineIntel
[    0.000000]   AMD AuthenticAMD
[    0.000000]   Centaur CentaurHauls
[    0.000000] x86/fpu: xstate_offset[2]:  576, xstate_sizes[2]:  256
[    0.000000] x86/fpu: Supporting XSAVE feature 0x01: 'x87 floating point registers'
[    0.000000] x86/fpu: Supporting XSAVE feature 0x02: 'SSE registers'
[    0.000000] x86/fpu: Supporting XSAVE feature 0x04: 'AVX registers'
[    0.000000] x86/fpu: Enabled xstate features 0x7, context size is 832 bytes, using 'standard' format.
[    0.000000] x86/fpu: Using 'lazy' FPU context switches.
[    0.000000] e820: BIOS-provided physical RAM map:
[    0.000000] BIOS-e820: [mem 0x0000000000000000-0x000000000009fbff] usable
[    0.000000] BIOS-e820: [mem 0x000000000009fc00-0x000000000009ffff] reserved
[    0.000000] BIOS-e820: [mem 0x00000000000f0000-0x00000000000fffff] reserved
[    0.000000] BIOS-e820: [mem 0x0000000000100000-0x000000001ffeffff] usable
[    0.000000] BIOS-e820: [mem 0x000000001fff0000-0x000000001fffffff] ACPI data
[    0.000000] BIOS-e820: [mem 0x00000000fec00000-0x00000000fec00fff] reserved
[    0.000000] BIOS-e820: [mem 0x00000000fee00000-0x00000000fee00fff] reserved
[    0.000000] BIOS-e820: [mem 0x00000000fffc0000-0x00000000ffffffff] reserved
[    0.000000] NX (Execute Disable) protection: active
[    0.000000] SMBIOS 2.5 present.
[    0.000000] Hypervisor detected: KVM
[    0.000000] e820: last_pfn = 0x1fff0 max_arch_pfn = 0x400000000
[    0.000000] MTRR: Disabled
[    0.000000] x86/PAT: MTRRs disabled, skipping PAT initialization too.
[    0.000000] CPU MTRRs all blank - virtualized system.
[    0.000000] x86/PAT: Configuration [0-7]: WB  WT  UC- UC  WB  WT  UC- UC  
[    0.000000] found SMP MP-table at [mem 0x0009fff0-0x0009ffff] mapped at [ffff88000009fff0]
[    0.000000] Scanning 1 areas for low memory corruption
[    0.000000] RAMDISK: [mem 0x1ece4000-0x1f757fff]
[    0.000000] ACPI: Early table checksum verification disabled
[    0.000000] ACPI: RSDP 0x00000000000E0000 000024 (v02 VBOX  )
[    0.000000] ACPI: XSDT 0x000000001FFF0030 00003C (v01 VBOX   VBOXXSDT 00000001 ASL  00000061)
[    0.000000] ACPI: FACP 0x000000001FFF00F0 0000F4 (v04 VBOX   VBOXFACP 00000001 ASL  00000061)
[    0.000000] ACPI: DSDT 0x000000001FFF0470 0021C8 (v02 VBOX   VBOXBIOS 00000002 INTL 20100528)
[    0.000000] ACPI: FACS 0x000000001FFF0200 000040
[    0.000000] ACPI: FACS 0x000000001FFF0200 000040
[    0.000000] ACPI: APIC 0x000000001FFF0240 00005C (v02 VBOX   VBOXAPIC 00000001 ASL  00000061)
[    0.000000] ACPI: SSDT 0x000000001FFF02A0 0001CC (v01 VBOX   VBOXCPUT 00000002 INTL 20100528)
[    0.000000] No NUMA configuration found
[    0.000000] Faking a node at [mem 0x0000000000000000-0x000000001ffeffff]
[    0.000000] NODE_DATA(0) allocated [mem 0x1ffeb000-0x1ffeffff]
[    0.000000] kvm-clock: Using msrs 4b564d01 and 4b564d00
[    0.000000] kvm-clock: cpu 0, msr 0:1ffe3001, primary cpu clock
[    0.000000] kvm-clock: using sched offset of 3411845575 cycles
[    0.000000] clocksource: kvm-clock: mask: 0xffffffffffffffff max_cycles: 0x1cd42e4dffb, max_idle_ns: 881590591483 ns
[    0.000000] Zone ranges:
[    0.000000]   DMA      [mem 0x0000000000001000-0x0000000000ffffff]
[    0.000000]   DMA32    [mem 0x0000000001000000-0x000000001ffeffff]
[    0.000000]   Normal   empty
[    0.000000]   Device   empty
[    0.000000] Movable zone start for each node
[    0.000000] Early memory node ranges
[    0.000000]   node   0: [mem 0x0000000000001000-0x000000000009efff]
[    0.000000]   node   0: [mem 0x0000000000100000-0x000000001ffeffff]
[    0.000000] Initmem setup node 0 [mem 0x0000000000001000-0x000000001ffeffff]
[    0.000000] ACPI: PM-Timer IO Port: 0x4008
[    0.000000] IOAPIC[0]: apic_id 2, version 32, address 0xfec00000, GSI 0-23
[    0.000000] ACPI: INT_SRC_OVR (bus 0 bus_irq 0 global_irq 2 dfl dfl)
[    0.000000] ACPI: INT_SRC_OVR (bus 0 bus_irq 9 global_irq 9 high level)
[    0.000000] Using ACPI (MADT) for SMP configuration information
[    0.000000] smpboot: Allowing 2 CPUs, 0 hotplug CPUs
[    0.000000] PM: Registered nosave memory: [mem 0x00000000-0x00000fff]
[    0.000000] PM: Registered nosave memory: [mem 0x0009f000-0x0009ffff]
[    0.000000] PM: Registered nosave memory: [mem 0x000a0000-0x000effff]
[    0.000000] PM: Registered nosave memory: [mem 0x000f0000-0x000fffff]
[    0.000000] e820: [mem 0x20000000-0xfebfffff] available for PCI devices
[    0.000000] Booting paravirtualized kernel on KVM
[    0.000000] clocksource: refined-jiffies: mask: 0xffffffff max_cycles: 0xffffffff, max_idle_ns: 7645519600211568 ns
[    0.000000] setup_percpu: NR_CPUS:512 nr_cpumask_bits:512 nr_cpu_ids:2 nr_node_ids:1
[    0.000000] PERCPU: Embedded 34 pages/cpu @ffff88001fc00000 s98328 r8192 d32744 u1048576
[    0.000000] PV qspinlock hash table entries: 256 (order: 0, 4096 bytes)
[    0.000000] Built 1 zonelists in Node order, mobility grouping on.  Total pages: 128889
[    0.000000] Policy zone: DMA32
[    0.000000] Kernel command line: BOOT_IMAGE=/boot/vmlinuz-4.4.0-96-generic root=LABEL=cloudimg-rootfs ro console=tty1 console=ttyS0
[    0.000000] PID hash table entries: 2048 (order: 2, 16384 bytes)
[    0.000000] Memory: 485780K/523832K available (8479K kernel code, 1294K rwdata, 3984K rodata, 1492K init, 1316K bss, 38052K reserved, 0K cma-reserved)
[    0.000000] SLUB: HWalign=64, Order=0-3, MinObjects=0, CPUs=2, Nodes=1
[    0.000000] Hierarchical RCU implementation.
[    0.000000] 	Build-time adjustment of leaf fanout to 64.
[    0.000000] 	RCU restricting CPUs from NR_CPUS=512 to nr_cpu_ids=2.
[    0.000000] RCU: Adjusting geometry for rcu_fanout_leaf=64, nr_cpu_ids=2
[    0.000000] NR_IRQS:33024 nr_irqs:440 16
[    0.000000] Console: colour VGA+ 80x25
[    0.000000] console [tty1] enabled
[    0.000000] console [ttyS0] enabled
[    0.000000] tsc: Detected 1992.000 MHz processor
[    1.685448] Calibrating delay loop (skipped) preset value.. 3984.00 BogoMIPS (lpj=7968000)
[    1.687574] pid_max: default: 32768 minimum: 301
[    1.697966] ACPI: Core revision 20150930
[    1.701130] ACPI: 2 ACPI AML tables successfully acquired and loaded
[    1.704337] Security Framework initialized
[    1.706846] Yama: becoming mindful.
[    1.721173] AppArmor: AppArmor initialized
[    1.729396] Dentry cache hash table entries: 65536 (order: 7, 524288 bytes)
[    1.746956] Inode-cache hash table entries: 32768 (order: 6, 262144 bytes)
[    1.759696] Mount-cache hash table entries: 1024 (order: 1, 8192 bytes)
[    1.765239] Mountpoint-cache hash table entries: 1024 (order: 1, 8192 bytes)
[    1.845832] Initializing cgroup subsys io
[    1.901279] Initializing cgroup subsys memory
[    1.903684] Initializing cgroup subsys devices
[    1.904900] Initializing cgroup subsys freezer
[    1.906532] Initializing cgroup subsys net_cls
[    1.907900] Initializing cgroup subsys perf_event
[    1.918055] Initializing cgroup subsys net_prio
[    1.919319] Initializing cgroup subsys hugetlb
[    1.920785] Initializing cgroup subsys pids
[    1.931510] CPU: Physical Processor ID: 0
[    1.932612] CPU: Processor Core ID: 0
[    1.940355] mce: CPU supports 0 MCE banks
[    1.941828] Last level iTLB entries: 4KB 64, 2MB 8, 4MB 8
[    1.947222] Last level dTLB entries: 4KB 64, 2MB 0, 4MB 0, 1GB 4
[    1.952370] Freeing SMP alternatives memory: 32K
[    1.966729] ftrace: allocating 32146 entries in 126 pages
[    2.032049] smpboot: APIC(0) Converting physical 0 to logical package 0
[    2.039465] smpboot: Max logical packages: 1
[    2.042199] x2apic enabled
[    2.044524] Switched APIC routing to physical x2apic.
[    2.055018] ..TIMER: vector=0x30 apic1=0 pin1=2 apic2=-1 pin2=-1
[    2.165361] smpboot: CPU0: Intel(R) Core(TM) i5-6360U CPU @ 2.00GHz (family: 0x6, model: 0x4e, stepping: 0x3)
[    2.198328] Performance Events: unsupported p6 CPU model 78 no PMU driver, software events only.
[    2.218842] KVM setup paravirtual spinlock
[    2.236210] x86: Booting SMP configuration:
[    2.239289] .... node  #0, CPUs:      #1
[    2.256095] kvm-clock: cpu 1, msr 0:1ffe3041, secondary cpu clock
[    2.263239] mce: CPU supports 0 MCE banks
[    2.265992] x86: Booted up 1 node, 2 CPUs
[    2.267179] smpboot: Total of 2 processors activated (7968.00 BogoMIPS)
[    2.276853] devtmpfs: initialized
[    2.303408] evm: security.selinux
[    2.310809] evm: security.SMACK64
[    2.311648] evm: security.SMACK64EXEC
[    2.333266] evm: security.SMACK64TRANSMUTE
[    2.340159] evm: security.SMACK64MMAP
[    2.341238] evm: security.ima
[    2.342080] evm: security.capability
[    2.343355] clocksource: jiffies: mask: 0xffffffff max_cycles: 0xffffffff, max_idle_ns: 7645041785100000 ns
[    2.351193] futex hash table entries: 512 (order: 3, 32768 bytes)
[    2.354331] pinctrl core: initialized pinctrl subsystem
[    2.357913] RTC time: 19:45:16, date: 09/26/17
[    2.379945] NET: Registered protocol family 16
[    2.395095] cpuidle: using governor ladder
[    2.415529] cpuidle: using governor menu
[    2.422127] PCCT header not found.
[    2.427057] ACPI: bus type PCI registered
[    2.431030] acpiphp: ACPI Hot Plug PCI Controller Driver version: 0.5
[    2.438266] PCI: Using configuration type 1 for base access
[    2.460515] ACPI: Added _OSI(Module Device)
[    2.513357] ACPI: Added _OSI(Processor Device)
[    2.551852] ACPI: Added _OSI(3.0 _SCP Extensions)
[    2.569669] ACPI: Added _OSI(Processor Aggregator Device)
[    2.600690] ACPI: Executed 1 blocks of module-level executable AML code
[    2.652080] ACPI: Interpreter enabled
[    2.674502] ACPI: (supports S0 S5)
[    2.713277] ACPI: Using IOAPIC for interrupt routing
[    2.720112] PCI: Using host bridge windows from ACPI; if necessary, use "pci=nocrs" and report a bug
[    2.761239] ACPI: PCI Root Bridge [PCI0] (domain 0000 [bus 00-ff])
[    2.768109] acpi PNP0A03:00: _OSC: OS supports [ASPM ClockPM Segments MSI]
[    2.791926] acpi PNP0A03:00: _OSC failed (AE_NOT_FOUND); disabling ASPM
[    2.812520] acpi PNP0A03:00: fail to add MMCONFIG information, can't access extended PCI configuration space under this bridge.
[    2.828239] PCI host bridge to bus 0000:00
[    2.850259] pci_bus 0000:00: root bus resource [io  0x0000-0x0cf7 window]
[    2.862806] pci_bus 0000:00: root bus resource [io  0x0d00-0xffff window]
[    2.875843] pci_bus 0000:00: root bus resource [mem 0x000a0000-0x000bffff window]
[    2.944460] pci_bus 0000:00: root bus resource [mem 0x20000000-0xffdfffff window]
[    3.059762] pci_bus 0000:00: root bus resource [bus 00-ff]
[    3.122893] pci 0000:00:01.1: legacy IDE quirk: reg 0x10: [io  0x01f0-0x01f7]
[    3.171928] pci 0000:00:01.1: legacy IDE quirk: reg 0x14: [io  0x03f6]
[    3.268956] pci 0000:00:01.1: legacy IDE quirk: reg 0x18: [io  0x0170-0x0177]
[    3.334253] pci 0000:00:01.1: legacy IDE quirk: reg 0x1c: [io  0x0376]
[    3.402427] pci 0000:00:07.0: quirk: [io  0x4000-0x403f] claimed by PIIX4 ACPI
[    3.486429] pci 0000:00:07.0: quirk: [io  0x4100-0x410f] claimed by PIIX4 SMB
[    3.588112] ACPI: PCI Interrupt Link [LNKA] (IRQs 5 9 10 *11)
[    3.639324] ACPI: PCI Interrupt Link [LNKB] (IRQs 5 9 10 *11)
[    3.718419] ACPI: PCI Interrupt Link [LNKC] (IRQs 5 9 *10 11)
[    3.801736] ACPI: PCI Interrupt Link [LNKD] (IRQs 5 *9 10 11)
[    3.889161] ACPI: Enabled 2 GPEs in block 00 to 07
[    3.945481] vgaarb: setting as boot device: PCI:0000:00:02.0
[    4.005341] vgaarb: device added: PCI:0000:00:02.0,decodes=io+mem,owns=io+mem,locks=none
[    4.100361] vgaarb: loaded
[    4.131938] vgaarb: bridge control possible 0000:00:02.0
[    4.215893] SCSI subsystem initialized
[    4.287321] ACPI: bus type USB registered
[    4.333115] usbcore: registered new interface driver usbfs
[    4.408691] usbcore: registered new interface driver hub
[    4.473823] usbcore: registered new device driver usb
[    4.519328] PCI: Using ACPI for IRQ routing
[    4.573371] NetLabel: Initializing
[    4.623663] NetLabel:  domain hash size = 128
[    4.722022] NetLabel:  protocols = UNLABELED CIPSOv4
[    4.818195] NetLabel:  unlabeled traffic allowed by default
[    4.878756] amd_nb: Cannot enumerate AMD northbridges
[    4.964190] clocksource: Switched to clocksource kvm-clock
[    5.045419] AppArmor: AppArmor Filesystem Enabled
[    5.048768] pnp: PnP ACPI init
[    5.056870] pnp: PnP ACPI: found 3 devices
[    5.097202] clocksource: acpi_pm: mask: 0xffffff max_cycles: 0xffffff, max_idle_ns: 2085701024 ns
[    5.131007] NET: Registered protocol family 2
[    5.142552] TCP established hash table entries: 4096 (order: 3, 32768 bytes)
[    5.306258] TCP bind hash table entries: 4096 (order: 4, 65536 bytes)
[    5.415921] TCP: Hash tables configured (established 4096 bind 4096)
[    5.453984] UDP hash table entries: 256 (order: 1, 8192 bytes)
[    5.484495] UDP-Lite hash table entries: 256 (order: 1, 8192 bytes)
[    5.485862] NET: Registered protocol family 1
[    5.498683] pci 0000:00:00.0: Limiting direct PCI/PCI transfers
[    5.532856] pci 0000:00:01.0: Activating ISA DMA hang workarounds
[    5.604049] Unpacking initramfs...
[    7.673796] Freeing initrd memory: 10704K
[    7.702472] platform rtc_cmos: registered platform RTC device (no PNP device found)
[    7.745277] Scanning for low memory corruption every 60 seconds
[    7.753959] audit: initializing netlink subsys (disabled)
[    7.789203] audit: type=2000 audit(1506455122.291:1): initialized
[    7.802207] Initialise system trusted keyring
[    7.809667] HugeTLB registered 2 MB page size, pre-allocated 0 pages
[    7.832794] zbud: loaded
[    7.849174] VFS: Disk quotas dquot_6.6.0
[    7.850459] VFS: Dquot-cache hash table entries: 512 (order 0, 4096 bytes)
[    7.854380] squashfs: version 4.0 (2009/01/31) Phillip Lougher
[    7.887915] fuse init (API version 7.23)
[    7.951788] Key type big_key registered
[    7.992588] Allocating IMA MOK and blacklist keyrings.
[    8.038739] Key type asymmetric registered
[    8.042453] Asymmetric key parser 'x509' registered
[    8.051087] Block layer SCSI generic (bsg) driver version 0.4 loaded (major 249)
[    8.054338] io scheduler noop registered
[    8.065370] io scheduler deadline registered (default)
[    8.073730] io scheduler cfq registered
[    8.079131] pci_hotplug: PCI Hot Plug PCI Core version: 0.5
[    8.087099] pciehp: PCI Express Hot Plug Controller Driver version: 0.4
[    8.095553] ACPI: AC Adapter [AC] (off-line)
[    8.100697] input: Power Button as /devices/LNXSYSTM:00/LNXPWRBN:00/input/input0
[    8.111058] ACPI: Power Button [PWRF]
[    8.116502] input: Sleep Button as /devices/LNXSYSTM:00/LNXSLPBN:00/input/input1
[    8.133780] ACPI: Sleep Button [SLPF]
[    8.138844] GHES: HEST is not enabled!
[    8.139993] ACPI: Battery Slot [BAT0] (battery present)
[    8.157411] Serial: 8250/16550 driver, 32 ports, IRQ sharing enabled
[    8.234796] 00:02: ttyS0 at I/O 0x3f8 (irq = 4, base_baud = 115200) is a 16550A
[    8.265182] Linux agpgart interface v0.103
[    8.274437] loop: module loaded
[    8.333037] scsi host0: ata_piix
[    8.385205] scsi host1: ata_piix
[    8.433693] ata1: PATA max UDMA/33 cmd 0x1f0 ctl 0x3f6 bmdma 0xd000 irq 14
[    8.528863] ata2: PATA max UDMA/33 cmd 0x170 ctl 0x376 bmdma 0xd008 irq 15
[    8.610165] libphy: Fixed MDIO Bus: probed
[    8.629466] tun: Universal TUN/TAP device driver, 1.6
[    8.763202] tun: (C) 1999-2004 Max Krasnyansky <maxk@qualcomm.com>
[    8.799886] tsc: Refined TSC clocksource calibration: 1991.915 MHz
[    8.847204] clocksource: tsc: mask: 0xffffffffffffffff max_cycles: 0x396cb160d30, max_idle_ns: 881590438157 ns
[    8.870364] PPP generic driver version 2.4.2
[    8.903693] ehci_hcd: USB 2.0 'Enhanced' Host Controller (EHCI) Driver
[    8.918983] ehci-pci: EHCI PCI platform driver
[    8.925241] ehci-platform: EHCI generic platform driver
[    8.949357] ohci_hcd: USB 1.1 'Open' Host Controller (OHCI) Driver
[    8.962374] ohci-pci: OHCI PCI platform driver
[    8.973081] ohci-platform: OHCI generic platform driver
[    8.983174] uhci_hcd: USB Universal Host Controller Interface driver
[    8.994564] i8042: PNP: PS/2 Controller [PNP0303:PS2K,PNP0f03:PS2M] at 0x60,0x64 irq 1,12
[    9.044949] serio: i8042 KBD port at 0x60,0x64 irq 1
[    9.065347] serio: i8042 AUX port at 0x60,0x64 irq 12
[    9.071049] mousedev: PS/2 mouse device common for all mice
[    9.087035] input: AT Translated Set 2 keyboard as /devices/platform/i8042/serio0/input/input2
[    9.098671] rtc_cmos rtc_cmos: rtc core: registered rtc_cmos as rtc0
[    9.118742] rtc_cmos rtc_cmos: alarms up to one day, 114 bytes nvram
[    9.122387] i2c /dev entries driver
[    9.131383] device-mapper: uevent: version 1.0.3
[    9.134068] device-mapper: ioctl: 4.34.0-ioctl (2015-10-28) initialised: dm-devel@redhat.com
[    9.149109] ledtrig-cpu: registered to indicate activity on CPUs
[    9.154788] NET: Registered protocol family 10
[    9.165357] NET: Registered protocol family 17
[    9.171834] Key type dns_resolver registered
[    9.174369] microcode: CPU0 sig=0x406e3, pf=0x2, revision=0x0
[    9.186159] microcode: CPU1 sig=0x406e3, pf=0x2, revision=0x0
[    9.206151] microcode: Microcode Update Driver: v2.01 <tigran@aivazian.fsnet.co.uk>, Peter Oruba
[    9.245306] registered taskstats version 1
[    9.256387] Loading compiled-in X.509 certificates
[    9.299159] Loaded X.509 cert 'Build time autogenerated kernel key: b1a6ea8776bed2812c00d8a799f968274ef48628'
[    9.349301] zswap: loaded using pool lzo/zbud
[    9.357648] Key type trusted registered
[    9.392377] Key type encrypted registered
[    9.394844] AppArmor: AppArmor sha1 policy hashing enabled
[    9.405021] ima: No TPM chip found, activating TPM-bypass!
[    9.454730] evm: HMAC attrs: 0x1
[    9.468321]   Magic number: 1:226:800
[    9.504447] rtc_cmos rtc_cmos: setting system clock to 2017-09-26 19:45:23 UTC (1506455123)
[    9.552716] BIOS EDD facility v0.16 2004-Jun-25, 0 devices found
[    9.583502] EDD information not available.
[    9.591538] Freeing unused kernel memory: 1492K
[    9.622519] Write protecting the kernel read-only data: 14336k
[    9.624831] Freeing unused kernel memory: 1748K
[    9.653087] Freeing unused kernel memory: 112K
Loading, please wait...
starting version 229
[    9.680637] random: systemd-udevd: uninitialized urandom read (16 bytes read, 3 bits of entropy available)
[    9.680957] random: udevadm: uninitialized urandom read (16 bytes read, 3 bits of entropy available)
[    9.680988] random: udevadm: uninitialized urandom read (16 bytes read, 3 bits of entropy available)
[    9.681090] random: udevadm: uninitialized urandom read (16 bytes read, 3 bits of entropy available)
[    9.681125] random: udevadm: uninitialized urandom read (16 bytes read, 3 bits of entropy available)
[    9.681159] random: udevadm: uninitialized urandom read (16 bytes read, 3 bits of entropy available)
[    9.681194] random: udevadm: uninitialized urandom read (16 bytes read, 3 bits of entropy available)
[    9.681227] random: udevadm: uninitialized urandom read (16 bytes read, 3 bits of entropy available)
[    9.681260] random: udevadm: uninitialized urandom read (16 bytes read, 3 bits of entropy available)
[    9.681292] random: udevadm: uninitialized urandom read (16 bytes read, 3 bits of entropy available)
[   10.013054] e1000: Intel(R) PRO/1000 Network Driver - version 7.3.21-k8-NAPI
[   10.053393] e1000: Copyright (c) 1999-2006 Intel Corporation.
[   10.080945] AVX version of gcm_enc/dec engaged.
[   10.089981] Fusion MPT base driver 3.04.20
[   10.089982] Copyright (c) 1999-2008 LSI Corporation
[   10.162505] AES CTR mode by8 optimization enabled
[   10.178489] Fusion MPT SPI Host driver 3.04.20
[   10.280199] input: ImExPS/2 Generic Explorer Mouse as /devices/platform/i8042/serio1/input/input4
[   10.537962] e1000 0000:00:03.0 eth0: (PCI:33MHz:32-bit) 02:a4:a0:f1:db:6e
[   10.638757] e1000 0000:00:03.0 eth0: Intel(R) PRO/1000 Network Connection
[   10.766501] e1000 0000:00:03.0 enp0s3: renamed from eth0
[   10.895743] mptbase: ioc0: Initiating bringup
[   11.001344] ioc0: LSI53C1030 A0: Capabilities={Initiator}
[   11.308974] scsi host2: ioc0: LSI53C1030 A0, FwRev=00000000h, Ports=1, MaxQ=256, IRQ=20
[   11.656550] scsi 2:0:0:0: Direct-Access     VBOX     HARDDISK         1.0  PQ: 0 ANSI: 5
[   11.731738] scsi target2:0:0: Beginning Domain Validation
[   11.881263] scsi target2:0:0: Domain Validation skipping write tests
[   11.911907] scsi target2:0:0: Ending Domain Validation
[   11.942482] scsi target2:0:0: asynchronous
[   12.003655] scsi 2:0:1:0: Direct-Access     VBOX     HARDDISK         1.0  PQ: 0 ANSI: 5
[   12.069354] scsi target2:0:1: Beginning Domain Validation
[   12.094005] scsi target2:0:1: Domain Validation skipping write tests
[   12.162776] scsi target2:0:1: Ending Domain Validation
[   12.176414] scsi target2:0:1: asynchronous
[   12.186070] sd 2:0:0:0: [sda] 20971520 512-byte logical blocks: (10.7 GB/10.0 GiB)
[   12.302828] sd 2:0:0:0: Attached scsi generic sg0 type 0
[   12.362393] sd 2:0:1:0: Attached scsi generic sg1 type 0
[   12.362405] sd 2:0:1:0: [sdb] 20480 512-byte logical blocks: (10.5 MB/10.0 MiB)
[   12.362597] sd 2:0:0:0: [sda] Write Protect is off
[   12.362697] sd 2:0:1:0: [sdb] Write Protect is off
[   12.362812] sd 2:0:0:0: [sda] Incomplete mode parameter data
[   12.362813] sd 2:0:0:0: [sda] Assuming drive cache: write through
[   12.362850] sd 2:0:1:0: [sdb] Incomplete mode parameter data
[   12.362851] sd 2:0:1:0: [sdb] Assuming drive cache: write through
[   12.364596] sd 2:0:1:0: [sdb] Attached SCSI disk
[   12.365613]  sda: sda1
[   12.366125] sd 2:0:0:0: [sda] Attached SCSI disk
[   13.141366] floppy0: no floppy controllers found
Begin: Loading e[   14.576430] md: linear personality registered for level -1
ssential drivers[   14.611780] md: multipath personality registered for level -4
 ... [   14.637718] md: raid0 personality registered for level 0
[   14.669523] md: raid1 personality registered for level 1
[   14.744586] raid6: sse2x1   gen()  7478 MB/s
[   14.844367] raid6: sse2x1   xor()  4695 MB/s
[   14.956738] raid6: sse2x2   gen()  7422 MB/s
[   15.064281] raid6: sse2x2   xor()  5123 MB/s
[   15.160332] raid6: sse2x4   gen()  8805 MB/s
[   15.244596] raid6: sse2x4   xor()  6368 MB/s
[   15.261883] raid6: using algorithm sse2x4 gen() 8805 MB/s
[   15.274515] raid6: .... xor() 6368 MB/s, rmw enabled
[   15.285011] raid6: using ssse3x2 recovery algorithm
[   15.300526] xor: automatically using best checksumming function:
[   15.420292]    avx       : 16869.000 MB/sec
[   15.473604] async_tx: api initialized (async)
[   15.537968] md: raid6 personality registered for level 6
[   15.567099] md: raid5 personality registered for level 5
[   15.608928] md: raid4 personality registered for level 4
[   15.626976] md: raid10 personality registered for level 10
done.
Begin: Running /scripts/init-premount ... done.
Begin: Mounting root file system ... Begin: Running /scripts/local-top .[   15.655964] Btrfs loaded
.. done.
Begin: Running /scripts/local-premount ... Scanning for Btrfs filesystems
done.
Warning: fsck not present, so skipping root file system
[   15.706644] EXT4-fs (sda1): mounted filesystem with ordered data mode. Opts: (null)
done.
Begin: Running /scripts/local-bottom ... done.
Begin: Running /scripts/init-bottom ... done.
[   15.866960] systemd[1]: systemd 229 running in system mode. (+PAM +AUDIT +SELINUX +IMA +APPARMOR +SMACK +SYSVINIT +UTMP +LIBCRYPTSETUP +GCRYPT +GNUTLS +ACL +XZ -LZ4 +SECCOMP +BLKID +ELFUTILS +KMOD -IDN)
[   15.923355] systemd[1]: Detected virtualization oracle.
[   15.958389] systemd[1]: Detected architecture x86-64.

Welcome to [1mUbuntu 16.04.3 LTS[0m!

[   15.981773] systemd[1]: Set hostname to <ubuntu>.
[   16.017425] systemd[1]: Initializing machine ID from random generator.
[   16.028768] systemd[1]: Installed transient /etc/machine-id file.
[   16.155719] systemd[1]: Listening on /dev/initctl Compatibility Named Pipe.
[[0;32m  OK  [0m] Listening on /dev/initctl Compatibility Named Pipe.
[   16.229023] systemd[1]: Started Trigger resolvconf update for networkd DNS.
[[0;32m  OK  [0m] Started Trigger resolvconf update for networkd DNS.
[   16.377353] systemd[1]: Listening on Syslog Socket.
[[0;32m  OK  [0m] Listening on Syslog Socket.
[   16.452940] systemd[1]: Created slice System Slice.
[[0;32m  OK  [0m] Created slice System Slice.
[   16.561100] systemd[1]: Listening on LVM2 metadata daemon socket.
[[0;32m  OK  [0m] Listening on LVM2 metadata daemon socket.
[   16.692643] systemd[1]: Listening on Journal Socket (/dev/log).
[[0;32m  OK  [0m] Listening on Journal Socket (/dev/log).
[   16.765016] systemd[1]: Reached target Encrypted Volumes.
[[0;32m  OK  [0m] Reached target Encrypted Volumes.
[   16.820904] systemd[1]: Listening on udev Kernel Socket.
[[0;32m  OK  [0m] Listening on udev Kernel Socket.
[   16.860819] systemd[1]: Reached target Swap.
[[0;32m  OK  [0m] Reached target Swap.
[   16.941100] systemd[1]: Listening on LVM2 poll daemon socket.
[[0;32m  OK  [0m] Listening on LVM2 poll daemon socket.
[   17.017289] systemd[1]: Created slice system-serial\x2dgetty.slice.
[[0;32m  OK  [0m] Created slice system-serial\x2dgetty.slice.
[   17.076977] systemd[1]: Set up automount Arbitrary Executable File Formats File System Automount Point.
[[0;32m  OK  [0m] Set up automount Arbitrary Executab...ats File System Automount Point.
[   17.361544] systemd[1]: Created slice User and Session Slice.
[[0;32m  OK  [0m] Created slice User and Session Slice.
[   17.580808] systemd[1]: Reached target Slices.
[[0;32m  OK  [0m] Reached target Slices.
[   17.615135] systemd[1]: Listening on Journal Socket.
[[0;32m  OK  [0m] Listening on Journal Socket.
[   17.664860] systemd[1]: Starting Uncomplicated firewall...
         Starting Uncomplicated firewall...
[   17.675245] systemd[1]: Starting Remount Root and Kernel File Systems...
[   17.699493] random: nonblocking pool is initialized
         Starting Remount[   17.729784] EXT4-fs (sda1): re-mounted. Opts: (null)
 Root and Kernel File Systems...
[   17.773160] systemd[1]: Mounting Debug File System...
         Mounting Debug File System...
[   17.805271] systemd[1]: Starting Set console keymap...
         Starting Set console keymap...
[   17.836759] systemd[1]: Starting Nameserver information manager...
         Starting Nameserver information manager...
[   17.857300] systemd[1]: Starting Create list of required static device nodes for the current kernel...
         Starting Create list of required st... nodes for the current kernel...
[   17.898214] systemd[1]: Starting Load Kernel Modules...
         Starting Load Kernel Modules...
[   17.915834] systemd[1]: Mounting Huge Pages File System...
         Mounting Huge Pages File System...
[   17.924927] systemd[1]: Started Forward Password Requests to Wall Directory Watch.
[   17.924965] Loading iSCSI transport class v2.0-870.
[[0;32m  OK  [0m] Started Forward Password Requests to Wall Directory Watch.
[   17.949267] systemd[1]: Listening on udev Control Socket.
[[0;32m  OK  [0m] Listening on [   17.976545] iscsi: registered transport (tcp)
udev Control Socket.
[   18.016517] systemd[1]: Reached target User and Group Name Lookups.
[[0;32m  OK  [0m] Reached target User and Group Name Lookups.
[   18.043692] systemd[1]: Listening on Device-mapper event daemon FIFOs.
[[0;32m  OK  [0[   18.049721] iscsi: registered transport (iser)
m] Listening on Device-mapper event daemon FIFOs.
[   18.092832] systemd[1]: Starting Monitoring of LVM2 mirrors, snapshots etc. using dmeventd or progress polling...
         Starting Monitoring of LVM2 mirrors... dmeventd or progress polling...
[   18.181691] systemd[1]: Listening on Journal Audit Socket.
[[0;32m  OK  [0m] Listening on Journal Audit Socket.
[   18.234185] systemd[1]: Starting Journal Service...
         Starting Journal Service...
[   18.265525] systemd[1]: Mounting POSIX Message Queue File System...
         Mounting POSIX Message Queue File System...
[   18.313981] systemd[1]: Mounted POSIX Message Queue File System.
[[0;32m  OK  [0m] Mounted POSIX Message Queue File System.
[   18.365191] systemd[1]: Mounted Debug File System.
[[0;32m  OK  [0m] Mounted Debug File System.
[   18.428873] systemd[1]: Mounted Huge Pages File System.
[[0;32m  OK  [0m] Mounted Huge Pages File System.
[   18.435536] systemd[1]: Started Journal Service.
[[0;32m  OK  [0m] Started Journal Service.
[[0;32m  OK  [0m] Started Uncomplicated firewall.
[[0;32m  OK  [0m] Started Remount Root and Kernel File Systems.
[[0;32m  OK  [0m] Started Set console keymap.
[[0;32m  OK  [0m] Started Create list of required sta...ce nodes for the current kernel.
[[0;32m  OK  [0m] Started Load Kernel Modules.
[[0;32m  OK  [0m] Started Nameserver information manager.
[[0;32m  OK  [0m] Started LVM2 metadata daemon.
         Mounting FUSE Control File System...
         Starting Apply Kernel Variables...
         Starting Create Static Device Nodes in /dev...
         Starting udev Coldplug all Devices...
         Starting Initial cloud-init job (pre-networking)...
         Starting Load/Save Random Seed...
         Starting Flush Journal to Persistent Storage...
[[0;32m  OK  [0m] Mounted FUSE Control File System.
[[0;32m  OK  [0m] Started Monitoring of LVM2 mirrors,...ng dmeventd or progress polling.
[[0;32m  OK  [0m] Started Apply Kernel Variables.
[[0;32m  OK  [0m] Started Create Static Device Nodes in /dev.
[[0;32m  OK  [0m] Started Load/Save Random Seed.
[[0;32m  OK  [0m] Started udev Coldplug all Devices.
[[0;32m  OK  [0m] Started Flush Journal to Persistent Storage.
         Starting udev Kernel Device Manager...
[[0;32m  OK  [0m] Started udev Kernel Device Manager.
[[0;32m  OK  [0m] Reached target Local File Systems (Pre).
[[0;32m  OK  [0m] Reached target Local File Systems.
         Starting Commit a transient machine-id on disk...
         Starting Tell Plymouth To Write Out Runtime Data...
         Starting Create Volatile Files and Directories...
         Starting Set console font and keymap...
         Starting LSB: AppArmor initialization...
[[0;32m  OK  [0m] Started Dispatch Password Requests to Console Directory Watch.
[[0;32m  OK  [0m] Started Commit a transient machine-id on disk.
[[0;32m  OK  [0m] Started Tell Plymouth To Write Out Runtime Data.
[[0;32m  OK  [0m] Started Create Volatile Files and Directories.
[[0;32m  OK  [0m] Found device /dev/ttyS0.
         Starting Update UTMP about System Boot/Shutdown...
[[0;32m  OK  [0m] Reached target System Time Synchronized.
[[0;32m  OK  [0m] Started Update UTMP about System Boot/Shutdown.
[[0;32m  OK  [0m] Listening on Load/Save RF Kill Switch Status /dev/rfkill Watch.
[   15.846696] cloud-init[455]: Cloud-init v. 0.7.9 running 'init-local' at Tue, 26 Sep 2017 19:45:33 +0000. Up 15.27 seconds.
[[0;32m  OK  [0m] Started Initial cloud-init job (pre-networking).
[[0;32m  OK  [0m] Started LSB: AppArmor initialization.
[[0;32m  OK  [0m] Reached target Network (Pre).
         Starting Raise network interfaces...
[[0;32m  OK  [0m] Started Set console font and keymap.
[[0;32m  OK  [0m] Created slice system-getty.slice.
[[0;32m  OK  [0m] Started Raise network interfaces.
[[0;32m  OK  [0m] Reached target Network.
         Starting Initial cloud-init job (metadata service crawler)...
[   19.960958] cloud-init[941]: Cloud-init v. 0.7.9 running 'init' at Tue, 26 Sep 2017 19:45:37 +0000. Up 18.95 seconds.
[   20.045843] cloud-init[941]: ci-info: +++++++++++++++++++++++++++++++++++++Net device info++++++++++++++++++++++++++++++++++++++
[[0;32m  OK  [0m] Started Initial cloud-init job (metadata service crawler).
[   20.153608] cloud-init[941]: ci-info: +--------+------+----------------------------+---------------+-------+-------------------+
[[0;32m  OK  [0m] Reached target Cloud-config availability.
[[0;32m  OK  [0m] Reached target System Initialization.
[   20.200397] cloud-init[941]: ci-info: | Device |  Up  |          Address           |      Mask     | Scope |     Hw-Address    |
[   20.305075] [[0;32m  OK  [0m] Started Timer to automatically fetch and run repair assertions.
         Starting Socket activation for snappy daemon.
[[0;32m  OK  [0m] Listening on ACPID Listen Socket.
cloud-init[941]: ci-info: +--------+------+----------------------------+---------------+-------+-------------------+
[   20.321833]          Starting LXD - unix socket.
[[0;32m  OK  [0m] Listening on UUID daemon activation socket.
cloud-init[941]: ci-info: | enp0s3 | True |         10.0.2.15          | 255.255.255.0 |   .   | 02:a4:a0:f1:db:6e |
[[0;32m  OK  [0m] Started Daily Cleanup of Temporary Directories.
[   20.332124] [[0;32m  OK  [0m] Listening on D-Bus System Message Bus Socket.
[[0;32m  OK  [0m] Started Timer to automatically refresh installed snaps.
cloud-init[941]: ci-info: | enp0s3 | True | fe80::a4:a0ff:fef1:db6e/64 |       .       |  link | 02:a4:a0:f1:db:6e |
[   20.352880] [[0;32m  OK  [0m] Started ACPI Events Check.
[[0;32m  OK  [0m] Reached target Paths.
cloud-init[941]: ci-info: |   lo   | True |         127.0.0.1          |   255.0.0.0   |   .   |         .         |
[   20.387913] [cloud-init[0;32m  OK  [0m[941]: ] ci-info: |   lo   | True |          ::1/128           |       .       |  host |         .         |Reached target Network is Online.

[   20.388411] [[0;32m  OK  [0m] Started Daily apt download activities.
[[0;32m  OK  [0m] Started Daily apt upgrade and clean activities.
[[0;32m  OK  [0m] Reached target Timers.
cloud-init[941]: ci-info: +--------+------+----------------------------+---------------+-------+-------------------+
[   20.432250]          Starting iSCSI initiator daemon (iscsid)...
[[0;32m  OK  [0m] Listening on Socket activation for snappy daemon.
[[0;32m  OK  [0m] Listening on LXD - unix socket.
cloud-init[941]: ci-info: +++++++++++++++++++++++++++Route IPv4 info++++++++++++++++++++++++++++
[   20.443984] [[0;32m  OK  [0m] Reached target Sockets.
[[0;32m  OK  [0m] Reached target Basic System.
[[0;32m  OK  [0m] Started Unattended Upgrades Shutdown.
         Starting LSB: Record successful boot for GRUB...
         Starting Accounts Service...
         Starting /etc/rc.local Compatibility...
cloud-init[[941]: [0;32m  OK  [0mci-info: +-------+-------------+----------+---------------+-----------+-------+] 
Started FUSE filesystem for LXC.
[   20.458704]          cloud-initStarting Login Service...[941]: 
ci-info: | Route | Destination | Gateway  |    Genmask    | Interface | Flags |
         [   20.503787] cloud-init[941]: ci-info: +-------+-------------+----------+---------------+-----------+-------+
[   20.504631] cloud-init[941]: ci-info: |   0   |   0.0.0.0   | 10.0.2.2 |    0.0.0.0    |   enp0s3  |   UG  |
[   20.505127] cloud-init[941]: ci-info: |   1   |   10.0.2.0  | 0.0.0.0  | 255.255.255.0 |   enp0s3  |   U   |
Starting Pollinate to seed the pseudo random number generator...
[   20.505277] cloud-init[941]: ci-info: +-------+-------------+----------+---------------+-----------+-------+
[   20.763766] cloud-init[941]: Generating public/private rsa key pair.
[   20.763868] cloud-init[941]: Your identification has been saved in /etc/ssh/ssh_host_rsa_key.
         Starting LXD - container startup/shutdown...
[   20.764048] cloud-init[941]: Your public key has been saved in /etc/ssh/ssh_host_rsa_key.pub.
[   20.863839] cloud-init[941]: The key fingerprint is:
[   20.864265] cloud-init[941]: SHA256:o9tQsBtUVGV/mZdcJwsHN++aDM6llYvhIANhmIo60po root@ubuntu-xenial
[   20.864327] cloud-init[941]: The key's randomart image is:
[   20.864377] cloud-init[941]: +---[RSA 2048]----+
[   20.864428] cloud-init[941]: |     oo.o...=.= o|
[   20.864476] cloud-init[941]: |    o. o   . =.=*|
         Starting Apply the settings specified in cloud-config...
[   20.864705] cloud-init[941]: | . .  +       o=+|
[   20.968998] cloud-init[941]: |. .  . +       +.|
[[0;32m  OK  [0m] Started ACPI event daemon.
[   20.995308] cloud-init[941]: |..    o S . o + .|
[   21.020760] cloud-init[941]: |+ .    = + = O + |
[[0;32m  OK  [0m] Started D-Bus System Message Bus.
[   21.034097] cloud-init[941]: |.+    +     * =  |
[   21.080871] cloud-init[941]: |E      +         |
[   21.092275] cloud-init[941]: |      . .        |
[   21.092378] cloud-init[941]: +----[SHA256]-----+
[   21.093241] cloud-init[941]: Generating public/private dsa key pair.
[   21.093307] cloud-init[941]: Your identification has been saved in /etc/ssh/ssh_host_dsa_key.
[   21.093365] cloud-init[941]: Your public key has been saved in /etc/ssh/ssh_host_dsa_key.pub.
[   21.093417] cloud-init[941]: The key fingerprint is:
[   21.093469] cloud-init[941]: SHA256:c2mIZl7V6UFKj/6DGnnp8upoIX15vNNl2ZXG4r/2mYQ root@ubuntu-xenial
[   21.093520] cloud-init[941]: The key's randomart image is:
[   21.093577] cloud-init[941]: +---[DSA 1024]----+
[   21.093627] cloud-init[941]: |          . .    |
[   21.093671] cloud-init[941]: |         . * .   |
[   21.093750] cloud-init[941]: |          + = . .|
[   21.093795] cloud-init[941]: |       . + o o +.|
[   21.093837] cloud-init[941]: |     .+ So= o oo.|
[   21.093878] cloud-init[941]: |    .+o.o=o+ .= .|
[   21.093921] cloud-init[941]: |     ..oo.+ooE.. |
[   21.093962] cloud-init[941]: |      ...=o ...oo|
[   21.094003] cloud-init[941]: |     ...++o.  .++|
[   21.094047] cloud-init[941]: +----[SHA256]-----+
[   21.094086] cloud-init[941]: Generating public/private ecdsa key pair.
[   21.094127] cloud-init[941]: Your identification has been saved in /etc/ssh/ssh_host_ecdsa_key.
[   21.094166] cloud-init[941]: Your public key has been saved in /etc/ssh/ssh_host_ecdsa_key.pub.
[   21.094206] cloud-init[941]: The key fingerprint is:
[   21.094246] cloud-init[941]: SHA256:z6QDw5OieH+1jB9F/nYPV+ZdOu6fqprCOBRzQGn3AUs root@ubuntu-xenial
[   21.094288] cloud-init[941]: The key's randomart image is:
[   21.094330] cloud-init[941]: +---[ECDSA 256]---+
[   21.094371] cloud-init[941]: |    ...E.        |
[   21.094413] cloud-init[941]: |     +....       |
[   21.094454] cloud-init[941]: |    . o.. o      |
[   21.094495] cloud-init[941]: |     + o +       |
[   21.094539] cloud-init[941]: |    . X S +     +|
[   21.094581] cloud-init[941]: | . . o +.* .   ++|
[   21.094621] cloud-init[941]: |. o . o++.o o = +|
[   21.094663] cloud-init[941]: | . . ooooo.. o =.|
[   21.094749] cloud-init[941]: |    ....oo...o+oo|
[   21.094938] cloud-init[941]: +----[SHA256]-----+
[   21.094983] cloud-init[941]: Generating public/private ed25519 key pair.
[   21.095024] cloud-init[941]: Your identification has been saved in /etc/ssh/ssh_host_ed25519_key.
[   21.095067] cloud-init[941]: Your public key has been saved in /etc/ssh/ssh_host_ed25519_key.pub.
[   21.095107] cloud-init[941]: The key fingerprint is:
[   21.095149] cloud-init[941]: SHA256:r45K2jdji/sYUj3hVLUtx7FGHYAGgRclJJrQ7jucnFE root@ubuntu-xenial
[   21.095192] cloud-init[941]: The key's randomart image is:
[   21.095236] cloud-init[941]: +--[ED25519 256]--+
[   21.095279] cloud-init[941]: |  ..  .oB*o.+o.. |
[   21.095322] cloud-init[941]: |   ..o.o..o= o.  |
[   21.095366] cloud-init[941]: |   .o o. .o *    |
[   21.095409] cloud-init[941]: |    .+E.   +     |
[   21.095452] cloud-init[941]: |   ...+ S        |
[   21.095494] cloud-init[941]: |   .o  . .       |
[   21.095535] cloud-init[941]: |  .oo=    .      |
[   21.095576] cloud-init[941]: |   =B+=. .       |
         Starting LSB: MD monitoring daemon...
[   21.099324] cloud-init[941]: |  . *B+=o        |
[   22.856702] cloud-init[941]: +----[SHA256]-----+
[[0;32m  OK  [0m] Started Regular background program processing daemon.
[   22.906175] cloud-init[1106]: Generating locales (this might take a while)...
         Starting Snappy daemon...
[   22.993317] cloud-init[1106]:   en_US.UTF-8... done
[   23.060559]          cloud-initStarting System Logging Service...[1106]: 
Generation complete.
[[0;32m  OK  [0m] Started Deferred execution scheduler.
[[0;32m  OK  [0m] Started System Logging Service.
[[0;32m  OK  [0m] Started Snappy daemon.
[[0;32m  OK  [0m] Started /etc/rc.local Compatibility.
[[0;32m  OK  [0m] Started Pollinate to seed the pseudo random number generator.
[[0;32m  OK  [0m] Started LXD - container startup/shutdown.
[[0;32m  OK  [0m] Started iSCSI initiator daemon (iscsid).
[[0;32m  OK  [0m] Started LSB: Record successful boot for GRUB.
[[0;32m  OK  [0m] Started Login Service.
         Starting Authenticate and Authorize Users to Run Privileged Tasks...
         Starting Login to default iSCSI targets...
         Starting OpenBSD Secure Shell server...
         Starting Auto import assertions from block devices...
[[0;32m  OK  [0m] Started OpenBSD Secure Shell server.
[[0;32m  OK  [0m] Started LSB: MD monitoring daemon.
[[0;32m  OK  [0m] Started Auto import assertions from block devices.
[[0;32m  OK  [0m] Started Authenticate and Authorize Users to Run Privileged Tasks.
[[0;32m  OK  [0m] Started Accounts Service.
[[0;32m  OK  [0m] Started Login to default iSCSI targets.
[[0;32m  OK  [0m] Reached target Remote File Systems (Pre).
[[0;32m  OK  [0m] Reached target Remote File Systems.
         Starting LSB: daemon to balance interrupts for SMP systems...
         Starting Permit User Sessions...
         Starting LSB: VirtualBox Linux Additions...
         Starting LSB: Set the CPU Frequency Scaling governor to "ondemand"...
         Starting LSB: automatic crash report generation...
         Stopping OpenBSD Secure Shell server...
[[0;32m  OK  [0m] Stopped OpenBSD Secure Shell server.
[[0;32m  OK  [0m] Started Permit User Sessions.
[[0;32m  OK  [0m] Started LSB: daemon to balance interrupts for SMP systems.
[[0;32m  OK  [0m] Created slice User Slice of ubuntu.
[[0;32m  OK  [0m] Started Session 1 of user ubuntu.
         Starting User Manager for UID 1000...
         Starting Terminate Plymouth Boot Screen...
         Starting Hold until boot process finishes up...
         Starting OpenBSD Secure Shell server...
[[0;32m  OK  [0m] Started OpenBSD Secure Shell server.
[[0;32m  OK  [0m] Started User Manager for UID 1000.
[[0;32m  OK  [0m] Started LSB: VirtualBox Linux Additions.
[[0;32m  OK  [0m] Started LSB: Set the CPU Frequency Scaling governor to "ondemand".
[[0;32m  OK  [0m] Started Terminate Plymouth Boot Screen.
[[0;32m  OK  [0m] Started Hold until boot process finishes up.
[[0;32m  OK  [0m] Started LSB: automatic crash report generation.
[   24.867662] cloud-init[1106]: Cloud-init v. 0.7.9 running 'modules:config' at Tue, 26 Sep 2017 19:45:39 +0000. Up 21.24 seconds.
         Starting Set console scheme...
[[0;32m  OK  [0m] Started Getty on tty1.
[[0;32m  OK  [0m] Started Serial Getty on ttyS0.
[[0;32m  OK  [0m] Reached target Login Prompts.
[[0;32m  OK  [0m] Reached target Multi-User System.
[[0;32m  OK  [0m] Reached target Graphical Interface.
         Starting Update UTMP about System Runlevel Changes...
[[0;32m  OK  [0m] Started Apply the settings specified in cloud-config.
[[0;32m  OK  [0m] Started Set console scheme.
[[0;32m  OK  [0m] Started Update UTMP about System Runlevel Changes.
         Starting Execute cloud user/final scripts...
ci-info: no authorized ssh keys fingerprints found for user ubuntu.
<14>Sep 26 19:45:44 ec2: 
<14>Sep 26 19:45:44 ec2: #############################################################
<14>Sep 26 19:45:44 ec2: -----BEGIN SSH HOST KEY FINGERPRINTS-----
<14>Sep 26 19:45:44 ec2: 1024 SHA256:c2mIZl7V6UFKj/6DGnnp8upoIX15vNNl2ZXG4r/2mYQ root@ubuntu-xenial (DSA)
<14>Sep 26 19:45:44 ec2: 256 SHA256:z6QDw5OieH+1jB9F/nYPV+ZdOu6fqprCOBRzQGn3AUs root@ubuntu-xenial (ECDSA)
<14>Sep 26 19:45:44 ec2: 256 SHA256:r45K2jdji/sYUj3hVLUtx7FGHYAGgRclJJrQ7jucnFE root@ubuntu-xenial (ED25519)
<14>Sep 26 19:45:44 ec2: 2048 SHA256:o9tQsBtUVGV/mZdcJwsHN++aDM6llYvhIANhmIo60po root@ubuntu-xenial (RSA)
<14>Sep 26 19:45:44 ec2: -----END SSH HOST KEY FINGERPRINTS-----
<14>Sep 26 19:45:44 ec2: #############################################################
-----BEGIN SSH HOST KEY KEYS-----
ecdsa-sha2-nistp256 AAAAE2VjZHNhLXNoYTItbmlzdHAyNTYAAAAIbmlzdHAyNTYAAABBBDW9icUX+ZbHhRdVZccj3XT0CsUnRaYt9UW4QLS2/aQ3jewO1eaBV9QKV7TX+NvZ0YyPaccVB6omlEgR+nNkYeY= root@ubuntu-xenial
ssh-ed25519 AAAAC3NzaC1lZDI1NTE5AAAAIFeIuq0lhqA6jMZ93iNNU3BsTlJ/HU/fU80PiiEo9h+1 root@ubuntu-xenial
ssh-rsa AAAAB3NzaC1yc2EAAAADAQABAAABAQDPbh8mp3/NWl+cXQo3anP0BgLwLYq0+a1TxjyphrSDeggSLMVSdg0OZs/mR96PJyTYwRw8wegG2il5bxfuBeXn3jui9RedmsAW3lVEa3nFwOkVEXNzsVRQAQyjaOej7Q9oShSPwda2SdceZS1VwbrhOD9cG5jgjqwXgfJRDOchI2m8XPuk+Cz8tebZhNnufjne62wozmb44dui6scG+0WHLEIzudEb/eeOUz3Fl+Rtir9DeDYNbPnMav5iL0g2hjthmvjJKfIOa5GhdquNBkgSBITrcR60rDP1MTYGS78wuEhEWGVcgJ/k5d2WT0jJz3qQ1LrawxHPIsDqtiuZWEFp root@ubuntu-xenial
-----END SSH HOST KEY KEYS-----
[   26.226120] cloud-init[1344]: Cloud-init v. 0.7.9 running 'modules:final' at Tue, 26 Sep 2017 19:45:44 +0000. Up 25.63 seconds.
[   26.240886] cloud-init[1344]: ci-info: no authorized ssh keys fingerprints found for user ubuntu.
[   26.248213] cloud-init[1344]: Cloud-init v. 0.7.9 finished at Tue, 26 Sep 2017 19:45:44 +0000. Datasource DataSourceNoCloud [seed=/dev/sdb][dsmode=net].  Up 26.22 seconds
[[0;32m  OK  [0m] Started Execute cloud user/final scripts.
[[0;32m  OK  [0m] Reached target Cloud-init target.

Ubuntu 16.04.3 LTS ubuntu-xenial ttyS0

ubuntu-xenial login: 